<?xml version="1.0" encoding="UTF-8"?>
<!-- Generated by org.testng.reporters.JUnitReportReporter -->
<testsuite hostname="PrasannaL" failures="0" tests="1" name="testClasses.NonAdherence_ScreenTest" time="7.254" errors="0" timestamp="2023-03-17T11:44:36 IST" skipped="0">
  <testcase classname="testClasses.NonAdherence_ScreenTest" name="loginTest" time="7.254"/>
  <system-out/>
</testsuite> <!-- testClasses.NonAdherence_ScreenTest -->
