<?xml version="1.0" encoding="UTF-8"?>
<!-- Generated by org.testng.reporters.JUnitReportReporter -->
<testsuite hostname="PrasannaL" failures="0" tests="1" name="testClasses.HighAlert_ScreenTest" time="12.102" errors="0" timestamp="2023-03-21T16:59:11 IST" skipped="0">
  <testcase classname="testClasses.HighAlert_ScreenTest" name="PrescriptionTitle" time="12.102"/>
  <system-out/>
</testsuite> <!-- testClasses.HighAlert_ScreenTest -->
